Arguments: 
  /home/shailen/.nvm/versions/node/v12.6.0/bin/node /home/shailen/.nvm/versions/node/v12.6.0/bin/yarn add typescript -D

PATH: 
  /home/shailen/.deno/bin:/home/shailen/.yarn/bin:/home/shailen/.pyenv/plugins/pyenv-virtualenv/shims:/home/shailen/.pyenv/shims:/home/shailen/.pyenv/bin:/home/shailen/.nvm/versions/node/v12.6.0/bin:/home/shailen/.local/bin:/home/shailen/.deno/bin:/home/shailen/.yarn/bin:/home/shailen/.pyenv/plugins/pyenv-virtualenv/shims:/home/shailen/.pyenv/shims:/home/shailen/.pyenv/bin:/home/shailen/.local/bin:/usr/local/sbin:/usr/local/bin:/usr/sbin:/usr/bin:/sbin:/bin:/usr/games:/usr/local/games:/snap/bin:/home/shailen/Android/Sdk/tools/bin:/home/shailen/Android/Sdk/platform-tools:/home/shailen/Android/Sdk/build-tools/28.0.3:/home/shailen/Android/Sdk/tools/bin:/home/shailen/Android/Sdk/platform-tools:/home/shailen/Android/Sdk/build-tools/28.0.3

Yarn version: 
  1.17.3

Node version: 
  12.6.0

Platform: 
  linux x64

Trace: 
  SyntaxError: /home/shailen/Desktop/Personal/vedux/package.json: Unexpected token } in JSON at position 352
      at JSON.parse (<anonymous>)
      at /home/shailen/.nvm/versions/node/v12.6.0/lib/node_modules/yarn/lib/cli.js:1625:59
      at Generator.next (<anonymous>)
      at step (/home/shailen/.nvm/versions/node/v12.6.0/lib/node_modules/yarn/lib/cli.js:304:30)
      at /home/shailen/.nvm/versions/node/v12.6.0/lib/node_modules/yarn/lib/cli.js:315:13

npm manifest: 
  {
    "name": "veduxjs",
    "version": "0.0.29",
    "main": "build/index.js",
    "repository": "git@github.com:ShailenNaidoo/vedux.git",
    "author": "shailen <shailen@lumkani.com>",
    "license": "MIT",
    "dependencies": {
      "vue": "^2.6.10"
    },
    "devDependencies": {
      "@types/node": "^12.12.5",
      "@types/vue": "^2.0.0",
      "ts-node": "^8.4.1",
    },
    "scripts": {
      "prepublish": "npx tsc",
      "docs:build": "cp ./README.md ./docs/README.md && cd ./docs && npx vuepress build"
    }
  }

yarn manifest: 
  No manifest

Lockfile: 
  # THIS IS AN AUTOGENERATED FILE. DO NOT EDIT THIS FILE DIRECTLY.
  # yarn lockfile v1
  
  
  "@types/node@^12.12.5":
    version "12.12.5"
    resolved "https://registry.yarnpkg.com/@types/node/-/node-12.12.5.tgz#66103d2eddc543d44a04394abb7be52506d7f290"
    integrity sha512-KEjODidV4XYUlJBF3XdjSH5FWoMCtO0utnhtdLf1AgeuZLOrRbvmU/gaRCVg7ZaQDjVf3l84egiY0mRNe5xE4A==
  
  "@types/vue@^2.0.0":
    version "2.0.0"
    resolved "https://registry.yarnpkg.com/@types/vue/-/vue-2.0.0.tgz#ec77b3d89591deb9ca5cb052368aa9c32be088e7"
    integrity sha1-7Hez2JWR3rnKXLBSNoqpwyvgiOc=
    dependencies:
      vue "*"
  
  arg@^4.1.0:
    version "4.1.1"
    resolved "https://registry.yarnpkg.com/arg/-/arg-4.1.1.tgz#485f8e7c390ce4c5f78257dbea80d4be11feda4c"
    integrity sha512-SlmP3fEA88MBv0PypnXZ8ZfJhwmDeIE3SP71j37AiXQBXYosPV0x6uISAaHYSlSVhmHOVkomen0tbGk6Anlebw==
  
  buffer-from@^1.0.0:
    version "1.1.1"
    resolved "https://registry.yarnpkg.com/buffer-from/-/buffer-from-1.1.1.tgz#32713bc028f75c02fdb710d7c7bcec1f2c6070ef"
    integrity sha512-MQcXEUbCKtEo7bhqEs6560Hyd4XaovZlO/k9V3hjVUF/zwW7KBVdSK4gIt/bzwS9MbR5qob+F5jusZsb0YQK2A==
  
  diff@^4.0.1:
    version "4.0.1"
    resolved "https://registry.yarnpkg.com/diff/-/diff-4.0.1.tgz#0c667cb467ebbb5cea7f14f135cc2dba7780a8ff"
    integrity sha512-s2+XdvhPCOF01LRQBC8hf4vhbVmI2CGS5aZnxLJlT5FtdhPCDFq80q++zK2KlrVorVDdL5BOGZ/VfLrVtYNF+Q==
  
  events@^3.0.0:
    version "3.0.0"
    resolved "https://registry.yarnpkg.com/events/-/events-3.0.0.tgz#9a0a0dfaf62893d92b875b8f2698ca4114973e88"
    integrity sha512-Dc381HFWJzEOhQ+d8pkNon++bk9h6cdAoAj4iE6Q4y6xgTzySWXlKn05/TVNpjnfRqi/X0EpJEJohPjNI3zpVA==
  
  make-error@^1.1.1:
    version "1.3.5"
    resolved "https://registry.yarnpkg.com/make-error/-/make-error-1.3.5.tgz#efe4e81f6db28cadd605c70f29c831b58ef776c8"
    integrity sha512-c3sIjNUow0+8swNwVpqoH4YCShKNFkMaw6oH1mNS2haDZQqkeZFlHS3dhoeEbKKmJB4vXpJucU6oH75aDYeE9g==
  
  source-map-support@^0.5.6:
    version "0.5.16"
    resolved "https://registry.yarnpkg.com/source-map-support/-/source-map-support-0.5.16.tgz#0ae069e7fe3ba7538c64c98515e35339eac5a042"
    integrity sha512-efyLRJDr68D9hBBNIPWFjhpFzURh+KJykQwvMyW5UiZzYwoF6l4YMMDIJJEyFWxWCqfyxLzz6tSfUFR+kXXsVQ==
    dependencies:
      buffer-from "^1.0.0"
      source-map "^0.6.0"
  
  source-map@^0.6.0:
    version "0.6.1"
    resolved "https://registry.yarnpkg.com/source-map/-/source-map-0.6.1.tgz#74722af32e9614e9c287a8d0bbde48b5e2f1a263"
    integrity sha512-UjgapumWlbMhkBgzT7Ykc5YXUT46F0iKu8SGXq0bcwP5dz/h0Plj6enJqjz1Zbq2l5WaqYnrVbwWOWMyF3F47g==
  
  ts-node@^8.4.1:
    version "8.4.1"
    resolved "https://registry.yarnpkg.com/ts-node/-/ts-node-8.4.1.tgz#270b0dba16e8723c9fa4f9b4775d3810fd994b4f"
    integrity sha512-5LpRN+mTiCs7lI5EtbXmF/HfMeCjzt7DH9CZwtkr6SywStrNQC723wG+aOWFiLNn7zT3kD/RnFqi3ZUfr4l5Qw==
    dependencies:
      arg "^4.1.0"
      diff "^4.0.1"
      make-error "^1.1.1"
      source-map-support "^0.5.6"
      yn "^3.0.0"
  
  typescript@^3.6.4:
    version "3.6.4"
    resolved "https://registry.yarnpkg.com/typescript/-/typescript-3.6.4.tgz#b18752bb3792bc1a0281335f7f6ebf1bbfc5b91d"
    integrity sha512-unoCll1+l+YK4i4F8f22TaNVPRHcD9PA3yCuZ8g5e0qGqlVlJ/8FSateOLLSagn+Yg5+ZwuPkL8LFUc0Jcvksg==
  
  veduxjs@^0.0.20:
    version "0.0.20"
    resolved "https://registry.yarnpkg.com/veduxjs/-/veduxjs-0.0.20.tgz#ba57d991d0d296c363b04cbdd05e982272ce46bb"
    integrity sha512-zwDMHFdOS3dWj2/rlhg69H+MijaTAp5YQDnXZSHTCy7DBxM2bG21N9OyuJiTXxUCFXoL2li9vrD1sQW33iHewA==
    dependencies:
      events "^3.0.0"
      typescript "^3.6.4"
      vue "^2.6.10"
  
  vue@*, vue@^2.6.10:
    version "2.6.10"
    resolved "https://registry.yarnpkg.com/vue/-/vue-2.6.10.tgz#a72b1a42a4d82a721ea438d1b6bf55e66195c637"
    integrity sha512-ImThpeNU9HbdZL3utgMCq0oiMzAkt1mcgy3/E6zWC/G6AaQoeuFdsl9nDhTDU3X1R6FK7nsIUuRACVcjI+A2GQ==
  
  yn@^3.0.0:
    version "3.1.1"
    resolved "https://registry.yarnpkg.com/yn/-/yn-3.1.1.tgz#1e87401a09d767c1d5eab26a6e4c185182d2eb50"
    integrity sha512-Ux4ygGWsu2c7isFWe8Yu1YluJmqVhxqK2cLXNQA5AcC3QfbGNpM7fu0Y8b/z16pXLnFxZYvWhd3fhBY9DLmC6Q==
